<?xml version="1.0" encoding="UTF-8"?>
<testsuite name="mainTest2" tests="1" skipped="0" failures="0" errors="0" timestamp="2023-01-23T11:01:27" hostname="DESKTOP-HAPLGAQ" time="0.002">
  <properties/>
  <testcase name="main2" classname="mainTest2" time="0.002"/>
  <system-out><![CDATA[]]></system-out>
  <system-err><![CDATA[]]></system-err>
</testsuite>
